TN:
SF:src/app.controller.ts
FN:6,(anonymous_2)
FN:9,(anonymous_3)
FNF:2
FNH:2
FNDA:1,(anonymous_2)
FNDA:1,(anonymous_3)
DA:1,1
DA:2,1
DA:5,1
DA:6,1
DA:9,1
DA:10,1
LF:6
LH:6
BRF:0
BRH:0
end_of_record
TN:
SF:src/app.module.ts
FNF:0
FNH:0
DA:1,0
DA:2,0
DA:3,0
DA:4,0
DA:5,0
DA:7,0
DA:15,0
LF:7
LH:0
BRF:0
BRH:0
end_of_record
TN:
SF:src/app.service.ts
FN:5,(anonymous_1)
FNF:1
FNH:1
FNDA:1,(anonymous_1)
DA:1,1
DA:4,1
DA:6,1
LF:3
LH:3
BRF:0
BRH:0
end_of_record
TN:
SF:src/main.ts
FN:5,bootstrap
FNF:1
FNH:0
FNDA:0,bootstrap
DA:1,0
DA:2,0
DA:6,0
DA:7,0
DA:9,0
LF:5
LH:0
BRDA:7,0,0,0
BRDA:7,0,1,0
BRF:2
BRH:0
end_of_record
TN:
SF:src/config/keys.ts
FNF:0
FNH:0
DA:1,2
DA:2,2
DA:5,2
DA:7,2
DA:16,2
LF:5
LH:5
BRF:0
BRH:0
end_of_record
TN:
SF:src/employees/employees.controller.ts
FN:17,(anonymous_4)
FN:20,(anonymous_5)
FN:61,(anonymous_6)
FN:89,(anonymous_7)
FN:121,(anonymous_8)
FN:161,(anonymous_9)
FN:187,(anonymous_10)
FNF:7
FNH:7
FNDA:22,(anonymous_4)
FNDA:4,(anonymous_5)
FNDA:4,(anonymous_6)
FNDA:5,(anonymous_7)
FNDA:3,(anonymous_8)
FNDA:4,(anonymous_9)
FNDA:1,(anonymous_10)
DA:1,2
DA:2,2
DA:3,2
DA:4,2
DA:5,2
DA:6,2
DA:7,2
DA:10,2
DA:11,2
DA:15,2
DA:17,22
DA:20,2
DA:21,4
DA:22,4
DA:24,4
DA:25,4
DA:26,1
DA:27,1
DA:31,3
DA:32,3
DA:33,1
DA:34,1
DA:36,2
DA:37,0
DA:38,0
DA:43,2
DA:44,2
DA:45,1
DA:46,1
DA:47,1
DA:52,1
DA:53,1
DA:61,2
DA:62,4
DA:63,4
DA:64,4
DA:65,1
DA:66,1
DA:68,3
DA:69,3
DA:70,1
DA:71,1
DA:75,2
DA:76,1
DA:77,1
DA:82,1
DA:83,1
DA:84,1
DA:89,2
DA:90,5
DA:91,5
DA:92,5
DA:93,1
DA:94,1
DA:96,4
DA:97,4
DA:98,1
DA:99,1
DA:103,3
DA:104,1
DA:105,1
DA:109,2
DA:110,2
DA:111,1
DA:112,1
DA:115,1
DA:116,1
DA:121,2
DA:122,3
DA:123,1
DA:124,1
DA:126,2
DA:127,0
DA:128,0
DA:133,2
DA:134,2
DA:135,2
DA:136,2
DA:137,1
DA:140,1
DA:141,1
DA:145,2
DA:146,1
DA:147,1
DA:149,1
DA:150,1
DA:151,1
DA:152,1
DA:155,0
DA:156,0
DA:161,2
DA:162,4
DA:163,4
DA:164,4
DA:165,1
DA:166,1
DA:168,3
DA:169,3
DA:170,1
DA:171,1
DA:175,2
DA:176,1
DA:177,1
DA:181,1
DA:182,1
DA:183,1
DA:187,2
DA:188,1
DA:189,1
DA:190,1
DA:191,0
DA:192,0
DA:194,1
DA:195,1
DA:196,0
DA:197,0
DA:199,1
DA:200,0
DA:201,0
DA:203,1
DA:204,1
DA:205,1
DA:206,0
DA:207,0
DA:209,1
DA:210,1
DA:211,1
DA:214,0
DA:215,0
LF:129
LH:113
BRDA:25,0,0,1
BRDA:25,0,1,3
BRDA:32,1,0,1
BRDA:32,1,1,2
BRDA:36,2,0,0
BRDA:36,2,1,2
BRDA:44,3,0,1
BRDA:44,3,1,1
BRDA:64,4,0,1
BRDA:64,4,1,3
BRDA:69,5,0,1
BRDA:69,5,1,2
BRDA:75,6,0,1
BRDA:75,6,1,1
BRDA:92,7,0,1
BRDA:92,7,1,4
BRDA:97,8,0,1
BRDA:97,8,1,3
BRDA:103,9,0,1
BRDA:103,9,1,2
BRDA:110,10,0,1
BRDA:110,10,1,1
BRDA:122,11,0,1
BRDA:122,11,1,2
BRDA:126,12,0,0
BRDA:126,12,1,2
BRDA:136,13,0,1
BRDA:136,13,1,1
BRDA:136,14,0,2
BRDA:136,14,1,1
BRDA:145,15,0,1
BRDA:145,15,1,1
BRDA:164,16,0,1
BRDA:164,16,1,3
BRDA:169,17,0,1
BRDA:169,17,1,2
BRDA:175,18,0,1
BRDA:175,18,1,1
BRDA:190,19,0,0
BRDA:190,19,1,1
BRDA:195,20,0,0
BRDA:195,20,1,1
BRDA:199,21,0,0
BRDA:199,21,1,1
BRDA:203,22,0,1
BRDA:203,22,1,0
BRDA:203,23,0,1
BRDA:203,23,1,0
BRDA:205,24,0,0
BRDA:205,24,1,1
BRF:50
BRH:42
end_of_record
TN:
SF:src/employees/employees.module.ts
FNF:0
FNH:0
DA:1,2
DA:2,2
DA:3,2
DA:4,2
DA:5,2
DA:13,2
LF:6
LH:6
BRF:0
BRH:0
end_of_record
TN:
SF:src/employees/employees.service.ts
FN:11,(anonymous_4)
FN:13,(anonymous_5)
FN:17,(anonymous_6)
FN:21,(anonymous_7)
FN:28,(anonymous_8)
FN:32,(anonymous_9)
FN:40,(anonymous_10)
FN:44,(anonymous_11)
FNF:8
FNH:2
FNDA:22,(anonymous_4)
FNDA:1,(anonymous_5)
FNDA:0,(anonymous_6)
FNDA:0,(anonymous_7)
FNDA:0,(anonymous_8)
FNDA:0,(anonymous_9)
FNDA:0,(anonymous_10)
FNDA:0,(anonymous_11)
DA:1,2
DA:3,2
DA:4,2
DA:6,2
DA:9,2
DA:11,22
DA:14,1
DA:18,0
DA:22,0
DA:23,0
DA:24,0
DA:25,0
DA:29,0
DA:33,0
DA:34,0
DA:35,0
DA:37,0
DA:41,0
DA:45,0
LF:19
LH:7
BRDA:33,0,0,0
BRDA:33,0,1,0
BRF:2
BRH:0
end_of_record
TN:
SF:src/employees/dto/create-employee.dto.ts
FNF:0
FNH:0
DA:2,2
LF:1
LH:1
BRF:0
BRH:0
end_of_record
TN:
SF:src/employees/dto/login.dto.ts
FNF:0
FNH:0
DA:1,2
LF:1
LH:1
BRF:0
BRH:0
end_of_record
TN:
SF:src/employees/schema/employee.schema.ts
FNF:0
FNH:0
DA:1,2
DA:3,2
LF:2
LH:2
BRF:0
BRH:0
end_of_record
TN:
SF:src/employees/utils/email.utils.ts
FN:4,(anonymous_0)
FNF:1
FNH:1
FNDA:1,(anonymous_0)
DA:1,2
DA:4,2
DA:6,1
DA:14,1
DA:20,2
LF:5
LH:5
BRF:0
BRH:0
end_of_record
TN:
SF:src/employees/utils/jwt.utils.ts
FN:7,(anonymous_0)
FN:15,(anonymous_1)
FN:29,(anonymous_2)
FN:40,(anonymous_3)
FN:48,(anonymous_4)
FNF:5
FNH:0
FNDA:0,(anonymous_0)
FNDA:0,(anonymous_1)
FNDA:0,(anonymous_2)
FNDA:0,(anonymous_3)
FNDA:0,(anonymous_4)
DA:2,2
DA:3,2
DA:5,2
DA:7,2
DA:8,0
DA:9,0
DA:12,0
DA:15,0
DA:16,0
DA:17,0
DA:20,0
DA:22,0
DA:24,0
DA:29,2
DA:30,0
DA:37,0
DA:40,2
DA:41,0
DA:42,0
DA:45,0
DA:48,0
DA:49,0
DA:50,0
DA:53,0
DA:55,0
DA:57,0
DA:58,0
DA:60,0
DA:63,0
DA:69,2
DA:70,2
DA:71,2
LF:32
LH:9
BRDA:8,0,0,0
BRDA:8,0,1,0
BRDA:16,1,0,0
BRDA:16,1,1,0
BRDA:41,2,0,0
BRDA:41,2,1,0
BRDA:49,3,0,0
BRDA:49,3,1,0
BRDA:57,4,0,0
BRDA:57,4,1,0
BRF:10
BRH:0
end_of_record
TN:
SF:src/employees/utils/vpn.utils.ts
FN:4,(anonymous_0)
FNF:1
FNH:0
FNDA:0,(anonymous_0)
DA:4,2
DA:5,0
DA:6,0
DA:7,0
DA:9,0
DA:10,0
DA:13,0
DA:19,2
LF:8
LH:2
BRDA:5,0,0,0
BRDA:5,0,1,0
BRDA:6,1,0,0
BRDA:6,1,1,0
BRDA:9,2,0,0
BRDA:9,2,1,0
BRF:6
BRH:0
end_of_record
